<?xml version="1.0" encoding="UTF-8"?>
<!-- Generated by org.testng.reporters.JUnitReportReporter -->
<testsuite hostname="MTLP-3207" failures="0" tests="1" name="com.tests.amazonTest" time="64.351" errors="0" timestamp="24 Oct 2022 22:21:01 GMT" skipped="0">
  <testcase classname="com.tests.amazonTest" name="testProduct" time="64.351"/>
</testsuite> <!-- com.tests.amazonTest -->
