<?xml version="1.0" encoding="UTF-8"?>
<!-- Generated by org.testng.reporters.JUnitReportReporter -->
<testsuite hostname="MTLP-3207" failures="0" tests="1" name="com.tests.amazonTest" time="195.926" errors="0" timestamp="25 Oct 2022 04:09:31 GMT" skipped="0">
  <testcase classname="com.tests.amazonTest" name="testProduct" time="195.926"/>
</testsuite> <!-- com.tests.amazonTest -->
